<?xml version="1.0" encoding="UTF-8"?>
<robot generator="Robot 3.1.2 (Python 3.7.4 on darwin)" generated="20191010 10:51:55.210" rpa="false">
<suite id="s1" name="Test" source="/Users/jiao.li/PycharmProjects/test/test.robot">
<test id="s1-t1" name="First Case">
<kw name="Open Browser" library="SeleniumLibrary">
<doc>Opens a new browser instance to the given ``url``.</doc>
<arguments>
<arg>https://www.baidu.com/</arg>
<arg>Chrome</arg>
</arguments>
<msg timestamp="20191010 10:51:55.737" level="INFO">Opening browser 'Chrome' to base url 'https://www.baidu.com/'.</msg>
<status status="PASS" starttime="20191010 10:51:55.737" endtime="20191010 10:51:58.554"></status>
</kw>
<kw name="Input Text" library="SeleniumLibrary">
<doc>Types the given ``text`` into text field identified by ``locator``.</doc>
<arguments>
<arg>id=kw</arg>
<arg>abcaaa</arg>
</arguments>
<msg timestamp="20191010 10:51:58.555" level="INFO">Typing text 'abcaaa' into text field 'id=kw'.</msg>
<status status="PASS" starttime="20191010 10:51:58.554" endtime="20191010 10:51:58.718"></status>
</kw>
<kw name="Click Button" library="SeleniumLibrary">
<doc>Clicks button identified by ``locator``.</doc>
<arguments>
<arg>id=su</arg>
</arguments>
<msg timestamp="20191010 10:51:58.718" level="INFO">Clicking button 'id=su'.</msg>
<status status="PASS" starttime="20191010 10:51:58.718" endtime="20191010 10:51:58.782"></status>
</kw>
<kw name="Sleep" library="BuiltIn">
<doc>Pauses the test executed for the given time.</doc>
<arguments>
<arg>2</arg>
</arguments>
<msg timestamp="20191010 10:52:00.785" level="INFO">Slept 2 seconds</msg>
<status status="PASS" starttime="20191010 10:51:58.782" endtime="20191010 10:52:00.785"></status>
</kw>
<kw name="Close Browser" library="SeleniumLibrary">
<doc>Closes the current browser.</doc>
<status status="PASS" starttime="20191010 10:52:00.786" endtime="20191010 10:52:00.880"></status>
</kw>
<status status="PASS" starttime="20191010 10:51:55.736" endtime="20191010 10:52:00.881" critical="yes"></status>
</test>
<status status="PASS" starttime="20191010 10:51:55.211" endtime="20191010 10:52:00.885"></status>
</suite>
<statistics>
<total>
<stat pass="1" fail="0">Critical Tests</stat>
<stat pass="1" fail="0">All Tests</stat>
</total>
<tag>
</tag>
<suite>
<stat pass="1" fail="0" id="s1" name="Test">Test</stat>
</suite>
</statistics>
<errors>
</errors>
</robot>
